{"level":"info","message":"Capturing frame from RTSP stream...","timestamp":"2025-01-25T12:14:46.733Z"}
{"level":"info","message":"Capturing frame from RTSP stream...","timestamp":"2025-01-25T12:14:51.733Z"}
{"level":"info","message":"Capturing frame from RTSP stream...","timestamp":"2025-01-25T12:14:56.734Z"}
{"level":"info","message":"Capturing frame from RTSP stream...","timestamp":"2025-01-25T12:15:01.735Z"}
{"level":"info","message":"Capturing frame from RTSP stream...","timestamp":"2025-01-25T12:15:06.736Z"}
{"level":"info","message":"Capturing frame from RTSP stream...","timestamp":"2025-01-25T12:15:11.736Z"}
{"level":"info","message":"Capturing frame from RTSP stream...","timestamp":"2025-01-25T12:15:16.736Z"}
{"level":"info","message":"Capturing frame from RTSP stream...","timestamp":"2025-01-25T12:15:21.736Z"}
{"level":"info","message":"Capturing frame from RTSP stream...","timestamp":"2025-01-25T12:15:26.737Z"}
{"level":"info","message":"Capturing frame from RTSP stream...","timestamp":"2025-01-25T12:15:31.738Z"}
{"level":"info","message":"Capturing frame from RTSP stream...","timestamp":"2025-01-25T12:15:36.738Z"}
{"level":"info","message":"Capturing frame from RTSP stream...","timestamp":"2025-01-25T12:15:41.739Z"}
{"level":"info","message":"Capturing frame from RTSP stream...","timestamp":"2025-01-25T12:15:46.738Z"}
{"level":"info","message":"Capturing frame from RTSP stream...","timestamp":"2025-01-25T12:15:51.739Z"}
{"level":"info","message":"Capturing frame from RTSP stream...","timestamp":"2025-01-25T12:15:56.740Z"}
{"level":"info","message":"Capturing frame from RTSP stream...","timestamp":"2025-01-25T12:16:01.739Z"}
{"level":"info","message":"Capturing frame from RTSP stream...","timestamp":"2025-01-25T12:16:06.741Z"}
{"level":"info","message":"Capturing frame from RTSP stream...","timestamp":"2025-01-25T12:16:11.741Z"}
{"level":"info","message":"Capturing frame from RTSP stream...","timestamp":"2025-01-25T12:16:16.741Z"}
{"level":"info","message":"Capturing frame from RTSP stream...","timestamp":"2025-01-25T12:16:21.740Z"}
{"level":"info","message":"Capturing frame from RTSP stream...","timestamp":"2025-01-25T12:16:26.742Z"}
{"level":"info","message":"Capturing frame from RTSP stream...","timestamp":"2025-01-25T12:16:31.743Z"}
{"level":"info","message":"Capturing frame from RTSP stream...","timestamp":"2025-01-25T12:17:09.193Z"}
{"level":"info","message":"Capturing frame from RTSP stream...","timestamp":"2025-01-25T12:17:14.194Z"}
{"level":"info","message":"Capturing frame from RTSP stream...","timestamp":"2025-01-25T12:17:19.193Z"}
{"level":"info","message":"Capturing frame from RTSP stream...","timestamp":"2025-01-25T12:17:24.194Z"}
{"level":"info","message":"Capturing frame from RTSP stream...","timestamp":"2025-01-25T12:17:29.195Z"}
{"level":"info","message":"Capturing frame from RTSP stream...","timestamp":"2025-01-25T12:17:34.195Z"}
{"level":"info","message":"Capturing frame from RTSP stream...","timestamp":"2025-01-25T12:17:39.196Z"}
{"level":"info","message":"Capturing frame from RTSP stream...","timestamp":"2025-01-25T12:17:44.195Z"}
{"level":"info","message":"Capturing frame from RTSP stream...","timestamp":"2025-01-25T12:17:49.196Z"}
{"level":"info","message":"Capturing frame from RTSP stream...","timestamp":"2025-01-25T12:17:54.198Z"}
{"level":"info","message":"Capturing frame from RTSP stream...","timestamp":"2025-01-25T12:17:59.198Z"}
{"level":"info","message":"Capturing frame from RTSP stream...","timestamp":"2025-01-25T12:18:04.198Z"}
{"level":"info","message":"Starting RTSP stream processing...","timestamp":"2025-01-25T12:18:29.531Z"}
{"level":"info","message":"RTSP stream connected.","timestamp":"2025-01-25T12:18:29.637Z"}
{"level":"info","message":"Tesseract.js worker initialized.","timestamp":"2025-01-25T12:18:29.818Z"}
{"level":"info","message":"Starting RTSP stream processing...","timestamp":"2025-01-25T12:26:38.451Z"}
{"level":"info","message":"RTSP stream connected.","timestamp":"2025-01-25T12:26:38.560Z"}
{"level":"info","message":"Tesseract.js worker initialized.","timestamp":"2025-01-25T12:26:38.708Z"}
{"level":"info","message":"COCO-SSD model loaded.","timestamp":"2025-01-25T12:26:39.149Z"}
{"level":"info","message":"Starting RTSP stream processing...","timestamp":"2025-01-25T12:43:26.860Z"}
{"level":"info","message":"RTSP stream connected.","timestamp":"2025-01-25T12:43:26.942Z"}
{"level":"info","message":"Tesseract.js worker initialized.","timestamp":"2025-01-25T12:43:27.097Z"}
{"level":"info","message":"Starting RTSP stream processing...","timestamp":"2025-01-25T12:46:15.193Z"}
{"level":"info","message":"RTSP stream connected.","timestamp":"2025-01-25T12:46:15.270Z"}
{"level":"info","message":"Tesseract.js worker initialized.","timestamp":"2025-01-25T12:46:15.407Z"}
{"level":"info","message":"COCO-SSD model loaded.","timestamp":"2025-01-25T12:46:15.860Z"}
{"level":"info","message":"Starting RTSP stream processing...","timestamp":"2025-01-25T12:52:14.909Z"}
{"level":"info","message":"RTSP stream connected.","timestamp":"2025-01-25T12:52:15.012Z"}
{"level":"info","message":"COCO-SSD model loaded.","timestamp":"2025-01-25T12:52:15.539Z"}
{"level":"info","message":"Tesseract.js worker initialized.","timestamp":"2025-01-25T12:52:15.539Z"}
{"level":"info","message":"Starting RTSP stream processing...","timestamp":"2025-01-25T12:59:04.816Z"}
{"level":"info","message":"Attempting to connect to RTSP stream (Attempt 1/3)...","timestamp":"2025-01-25T12:59:04.817Z"}
{"level":"info","message":"RTSP stream connected.","timestamp":"2025-01-25T12:59:04.910Z"}
{"level":"info","message":"Tesseract.js worker initialized.","timestamp":"2025-01-25T12:59:05.024Z"}
{"level":"info","message":"COCO-SSD model loaded.","timestamp":"2025-01-25T12:59:05.474Z"}
{"level":"info","message":"Starting RTSP stream processing...","timestamp":"2025-01-25T13:02:14.415Z"}
{"level":"info","message":"Attempting to connect to RTSP stream (Attempt 1/3)...","timestamp":"2025-01-25T13:02:14.416Z"}
{"level":"info","message":"RTSP stream connected.","timestamp":"2025-01-25T13:02:14.520Z"}
{"level":"info","message":"Tesseract.js worker initialized.","timestamp":"2025-01-25T13:02:14.622Z"}
{"level":"info","message":"Tesseract.js worker initialized.","timestamp":"2025-01-25T13:04:56.916Z"}
{"level":"info","message":"Attempting to connect to RTSP stream (Attempt 1/3)...","timestamp":"2025-01-25T13:04:56.917Z"}
{"level":"info","message":"RTSP stream connected.","timestamp":"2025-01-25T13:04:57.049Z"}
{"level":"info","message":"Cleaning up...","timestamp":"2025-01-25T13:09:36.329Z"}
{"level":"error","message":"Error processing RTSP stream: ffmpeg exited with code 1: Output #0, image2, to '/mnt/c/Users/miles/sandbox/code/rtsp-licence-plate-reader/temp/frame_%d.jpg':\nOutput file #0 does not contain any stream\nExiting normally, received signal 2.\n","stack":"Error: ffmpeg exited with code 1: Output #0, image2, to '/mnt/c/Users/miles/sandbox/code/rtsp-licence-plate-reader/temp/frame_%d.jpg':\nOutput file #0 does not contain any stream\nExiting normally, received signal 2.\n\n    at <anonymous> (/mnt/c/Users/miles/sandbox/code/rtsp-licence-plate-reader/node_modules/fluent-ffmpeg/lib/processor.js:180:26)\n    at emit (node:events:90:22)\n    at #handleOnExit (node:child_process:501:14)\n    at processTicksAndRejections (native:7:39)","timestamp":"2025-01-25T13:09:36.331Z"}
{"level":"info","message":"Retrying in 5 seconds...","timestamp":"2025-01-25T13:09:36.331Z"}
{"level":"info","message":"System initialized.","timestamp":"2025-01-25T13:09:47.076Z"}
{"level":"info","message":"Attempting to connect to RTSP stream (Attempt 1/3)...","timestamp":"2025-01-25T13:09:47.078Z"}
{"level":"info","message":"RTSP stream connected.","timestamp":"2025-01-25T13:09:47.150Z"}
{"level":"info","message":"Cleaning up...","timestamp":"2025-01-25T13:11:39.491Z"}
{"level":"error","message":"Error processing RTSP stream: ffmpeg exited with code 1: Output #0, image2, to '/mnt/c/Users/miles/sandbox/code/rtsp-licence-plate-reader/debug_output/frame_%d.jpg':\nOutput file #0 does not contain any stream\nExiting normally, received signal 2.\n","stack":"Error: ffmpeg exited with code 1: Output #0, image2, to '/mnt/c/Users/miles/sandbox/code/rtsp-licence-plate-reader/debug_output/frame_%d.jpg':\nOutput file #0 does not contain any stream\nExiting normally, received signal 2.\n\n    at <anonymous> (/mnt/c/Users/miles/sandbox/code/rtsp-licence-plate-reader/node_modules/fluent-ffmpeg/lib/processor.js:180:26)\n    at emit (node:events:90:22)\n    at #handleOnExit (node:child_process:501:14)\n    at processTicksAndRejections (native:7:39)","timestamp":"2025-01-25T13:11:39.494Z"}
{"level":"info","message":"Retrying in 5 seconds...","timestamp":"2025-01-25T13:11:39.495Z"}
{"level":"info","message":"System initialized.","timestamp":"2025-01-25T13:11:40.711Z"}
{"level":"info","message":"Attempting to connect to RTSP stream (Attempt 1/3)...","timestamp":"2025-01-25T13:11:40.712Z"}
{"level":"info","message":"RTSP stream connected.","timestamp":"2025-01-25T13:11:40.762Z"}
{"level":"info","message":"Cleaning up...","timestamp":"2025-01-25T13:12:54.885Z"}
{"level":"error","message":"Error processing RTSP stream: ffmpeg exited with code 1: Output #0, image2, to '/mnt/c/Users/miles/sandbox/code/rtsp-licence-plate-reader/debug_output/frame.jpg':\nOutput file #0 does not contain any stream\nExiting normally, received signal 2.\n","stack":"Error: ffmpeg exited with code 1: Output #0, image2, to '/mnt/c/Users/miles/sandbox/code/rtsp-licence-plate-reader/debug_output/frame.jpg':\nOutput file #0 does not contain any stream\nExiting normally, received signal 2.\n\n    at <anonymous> (/mnt/c/Users/miles/sandbox/code/rtsp-licence-plate-reader/node_modules/fluent-ffmpeg/lib/processor.js:180:26)\n    at emit (node:events:90:22)\n    at #handleOnExit (node:child_process:501:14)\n    at processTicksAndRejections (native:7:39)","timestamp":"2025-01-25T13:12:54.887Z"}
{"level":"info","message":"Retrying in 5 seconds...","timestamp":"2025-01-25T13:12:54.887Z"}
{"level":"info","message":"System initialized.","timestamp":"2025-01-25T13:12:56.106Z"}
{"level":"info","message":"Output directory: /mnt/c/Users/miles/sandbox/code/rtsp-licence-plate-reader/debug_output","timestamp":"2025-01-25T13:12:56.107Z"}
{"level":"info","message":"Directory exists: true","timestamp":"2025-01-25T13:12:56.107Z"}
{"level":"info","message":"Directory writable: null","timestamp":"2025-01-25T13:12:56.108Z"}
{"level":"info","message":"Attempting to connect to RTSP stream (Attempt 1/3)...","timestamp":"2025-01-25T13:12:56.108Z"}
{"level":"info","message":"Writing frames to: /mnt/c/Users/miles/sandbox/code/rtsp-licence-plate-reader/debug_output/frame.jpg","timestamp":"2025-01-25T13:12:56.212Z"}
{"level":"info","message":"RTSP stream connected.","timestamp":"2025-01-25T13:12:56.213Z"}
{"level":"info","message":"Cleaning up...","timestamp":"2025-01-25T13:15:23.038Z"}
{"level":"error","message":"Error processing RTSP stream: ffmpeg exited with code 1: Output #0, image2, to '/mnt/c/Users/miles/sandbox/code/rtsp-licence-plate-reader/debug_output/frame.jpg':\nOutput file #0 does not contain any stream\nExiting normally, received signal 2.\n","stack":"Error: ffmpeg exited with code 1: Output #0, image2, to '/mnt/c/Users/miles/sandbox/code/rtsp-licence-plate-reader/debug_output/frame.jpg':\nOutput file #0 does not contain any stream\nExiting normally, received signal 2.\n\n    at <anonymous> (/mnt/c/Users/miles/sandbox/code/rtsp-licence-plate-reader/node_modules/fluent-ffmpeg/lib/processor.js:180:26)\n    at emit (node:events:90:22)\n    at #handleOnExit (node:child_process:501:14)\n    at processTicksAndRejections (native:7:39)","timestamp":"2025-01-25T13:15:23.045Z"}
{"level":"info","message":"Retrying in 5 seconds...","timestamp":"2025-01-25T13:15:23.045Z"}
{"level":"info","message":"System initialized.","timestamp":"2025-01-25T13:15:24.372Z"}
{"level":"info","message":"Directory checks passed","timestamp":"2025-01-25T13:15:24.374Z"}
{"level":"info","message":"Attempting to connect to RTSP stream (Attempt 1/3)...","timestamp":"2025-01-25T13:15:24.374Z"}
{"level":"info","message":"Writing frames to: debug_output/frame.jpg","timestamp":"2025-01-25T13:15:24.497Z"}
{"level":"info","message":"RTSP stream connected.","timestamp":"2025-01-25T13:15:24.498Z"}
{"level":"info","message":"Cleaning up...","timestamp":"2025-01-25T13:19:04.136Z"}
{"level":"error","message":"Error processing RTSP stream: ffmpeg exited with code 1: Output #0, image2, to 'debug_output/frame.jpg':\nOutput file #0 does not contain any stream\nExiting normally, received signal 2.\n","stack":"Error: ffmpeg exited with code 1: Output #0, image2, to 'debug_output/frame.jpg':\nOutput file #0 does not contain any stream\nExiting normally, received signal 2.\n\n    at <anonymous> (/mnt/c/Users/miles/sandbox/code/rtsp-licence-plate-reader/node_modules/fluent-ffmpeg/lib/processor.js:180:26)\n    at emit (node:events:90:22)\n    at #handleOnExit (node:child_process:501:14)\n    at processTicksAndRejections (native:7:39)","timestamp":"2025-01-25T13:19:04.138Z"}
{"level":"info","message":"Retrying in 5 seconds...","timestamp":"2025-01-25T13:19:04.139Z"}
{"level":"info","message":"System initialized.","timestamp":"2025-01-25T13:19:05.471Z"}
{"level":"info","message":"Directory checks passed","timestamp":"2025-01-25T13:19:05.473Z"}
{"level":"info","message":"Attempting to connect to RTSP stream (Attempt 1/3)...","timestamp":"2025-01-25T13:19:05.473Z"}
{"level":"info","message":"FFmpeg command:","timestamp":"2025-01-25T13:19:05.597Z"}
{"level":"info","message":"Writing frames to:","timestamp":"2025-01-25T13:19:05.597Z"}
{"level":"info","message":"RTSP stream connected.","timestamp":"2025-01-25T13:19:05.597Z"}
{"currentFps":0,"currentKbps":null,"frames":1,"level":"info","message":"FFmpeg Progress:","targetSize":null,"timemark":"00:00:00.04","timestamp":"2025-01-25T13:19:13.665Z"}
{"currentFps":0,"currentKbps":null,"frames":1,"level":"info","message":"FFmpeg Progress:","targetSize":null,"timemark":"00:00:00.04","timestamp":"2025-01-25T13:19:13.666Z"}
{"level":"info","message":"Processing frame: debug_output/frame.jpg","timestamp":"2025-01-25T13:19:13.667Z"}
{"level":"info","message":"Stream ended.","timestamp":"2025-01-25T13:19:13.672Z"}
{"level":"info","message":"Detected 7 vehicles in frame","timestamp":"2025-01-25T13:19:14.707Z"}
{"0":{"height":815,"width":433,"x":505,"y":222},"1":{"height":307,"width":210,"x":165,"y":455},"2":{"height":330,"width":192,"x":534,"y":509},"3":{"height":121,"width":134,"x":1436,"y":563},"4":{"height":128,"width":172,"x":0,"y":722},"5":{"height":280,"width":201,"x":809,"y":732},"6":{"height":311,"width":366,"x":544,"y":1384},"level":"info","message":"Vehicle locations:","timestamp":"2025-01-25T13:19:14.708Z"}
{"level":"info","message":"Directory checks passed","timestamp":"2025-01-25T13:19:18.673Z"}
{"level":"info","message":"Attempting to connect to RTSP stream (Attempt 2/3)...","timestamp":"2025-01-25T13:19:18.673Z"}
{"level":"info","message":"FFmpeg command:","timestamp":"2025-01-25T13:19:18.741Z"}
{"level":"info","message":"Writing frames to:","timestamp":"2025-01-25T13:19:18.741Z"}
{"level":"info","message":"RTSP stream connected.","timestamp":"2025-01-25T13:19:18.741Z"}
{"currentFps":0,"currentKbps":null,"frames":1,"level":"info","message":"FFmpeg Progress:","targetSize":null,"timemark":"00:00:00.04","timestamp":"2025-01-25T13:19:30.115Z"}
{"currentFps":0,"currentKbps":null,"frames":1,"level":"info","message":"FFmpeg Progress:","targetSize":null,"timemark":"00:00:00.04","timestamp":"2025-01-25T13:19:30.115Z"}
{"level":"info","message":"Processing frame: debug_output/frame.jpg","timestamp":"2025-01-25T13:19:30.116Z"}
{"level":"info","message":"Stream ended.","timestamp":"2025-01-25T13:19:30.117Z"}
{"level":"info","message":"Detected 7 vehicles in frame","timestamp":"2025-01-25T13:19:31.048Z"}
{"0":{"height":819,"width":434,"x":505,"y":220},"1":{"height":307,"width":210,"x":165,"y":455},"2":{"height":330,"width":194,"x":532,"y":509},"3":{"height":137,"width":172,"x":0,"y":718},"4":{"height":279,"width":196,"x":808,"y":731},"5":{"height":169,"width":125,"x":282,"y":1003},"6":{"height":314,"width":310,"x":544,"y":1381},"level":"info","message":"Vehicle locations:","timestamp":"2025-01-25T13:19:31.049Z"}
{"level":"info","message":"Directory checks passed","timestamp":"2025-01-25T13:19:35.119Z"}
{"level":"info","message":"Attempting to connect to RTSP stream (Attempt 3/3)...","timestamp":"2025-01-25T13:19:35.119Z"}
{"level":"info","message":"FFmpeg command:","timestamp":"2025-01-25T13:19:35.187Z"}
{"level":"info","message":"Writing frames to:","timestamp":"2025-01-25T13:19:35.187Z"}
{"level":"info","message":"RTSP stream connected.","timestamp":"2025-01-25T13:19:35.187Z"}
{"currentFps":0,"currentKbps":null,"frames":1,"level":"info","message":"FFmpeg Progress:","targetSize":null,"timemark":"00:00:00.04","timestamp":"2025-01-25T13:19:50.749Z"}
{"currentFps":0,"currentKbps":null,"frames":1,"level":"info","message":"FFmpeg Progress:","targetSize":null,"timemark":"00:00:00.04","timestamp":"2025-01-25T13:19:50.749Z"}
{"level":"info","message":"Processing frame: debug_output/frame.jpg","timestamp":"2025-01-25T13:19:50.750Z"}
{"level":"info","message":"Stream ended.","timestamp":"2025-01-25T13:19:50.751Z"}
{"level":"info","message":"Detected 5 vehicles in frame","timestamp":"2025-01-25T13:19:50.970Z"}
{"0":{"height":640,"width":246,"x":2305,"y":0},"1":{"height":430,"width":216,"x":723,"y":222},"2":{"height":198,"width":120,"x":254,"y":455},"3":{"height":160,"width":163,"x":563,"y":492},"4":{"height":113,"width":281,"x":2126,"y":547},"level":"info","message":"Vehicle locations:","timestamp":"2025-01-25T13:19:50.971Z"}
{"level":"info","message":"Cleaning up...","timestamp":"2025-01-25T13:22:28.131Z"}
{"level":"info","message":"System initialized.","timestamp":"2025-01-25T13:24:44.898Z"}
{"level":"info","message":"Directory checks passed","timestamp":"2025-01-25T13:24:44.900Z"}
{"level":"info","message":"Attempting to connect to RTSP stream (Attempt 1/3)...","timestamp":"2025-01-25T13:24:44.900Z"}
{"level":"info","message":"FFmpeg command:","timestamp":"2025-01-25T13:24:44.948Z"}
{"level":"info","message":"Writing frames to:","timestamp":"2025-01-25T13:24:44.948Z"}
{"level":"info","message":"Processing frame: debug_output/frame.jpg","timestamp":"2025-01-25T13:24:50.573Z"}
{"level":"info","message":"Detected 12 vehicles in frame","timestamp":"2025-01-25T13:24:51.594Z"}
{"0":{"height":137,"width":83,"x":644,"y":144},"1":{"height":131,"width":131,"x":665,"y":409},"10":{"height":164,"width":113,"x":1487,"y":1601},"11":{"height":105,"width":134,"x":1397,"y":1648},"2":{"height":305,"width":197,"x":177,"y":455},"3":{"height":295,"width":176,"x":550,"y":492},"4":{"height":116,"width":129,"x":1441,"y":565},"5":{"height":128,"width":171,"x":0,"y":719},"6":{"height":254,"width":172,"x":813,"y":745},"7":{"height":95,"width":199,"x":506,"y":865},"8":{"height":281,"width":206,"x":544,"y":1409},"9":{"height":100,"width":109,"x":745,"y":1423},"level":"info","message":"Vehicle locations:","timestamp":"2025-01-25T13:24:51.595Z"}
{"level":"info","message":"System initialised with OCR capabilities.","timestamp":"2025-01-25T13:28:49.244Z"}
{"level":"info","message":"Directory checks passed","timestamp":"2025-01-25T13:28:49.245Z"}
{"level":"info","message":"Attempting to connect to RTSP stream (Attempt 1/3)...","timestamp":"2025-01-25T13:28:49.245Z"}
{"level":"info","message":"FFmpeg command:","timestamp":"2025-01-25T13:28:49.379Z"}
{"level":"info","message":"Writing frames to:","timestamp":"2025-01-25T13:28:49.379Z"}
{"level":"info","message":"Processing frame: debug_output/frame.jpg","timestamp":"2025-01-25T13:28:54.546Z"}
{"level":"info","message":"Detected 12 vehicles in frame","timestamp":"2025-01-25T13:28:55.596Z"}
{"0":"drvrigl","level":"info","message":"Detected licence plates:","timestamp":"2025-01-25T13:28:56.139Z"}
{"0":"SEALE","level":"info","message":"Detected licence plates:","timestamp":"2025-01-25T13:28:56.675Z"}
{"level":"info","message":"Cleaning up...","timestamp":"2025-01-25T13:34:21.423Z"}
{"level":"info","message":"System initialised with OCR capabilities.","timestamp":"2025-01-25T13:34:47.872Z"}
{"level":"info","message":"Directory checks passed","timestamp":"2025-01-25T13:34:47.874Z"}
{"level":"info","message":"Attempting to connect to RTSP stream (Attempt 1/3)...","timestamp":"2025-01-25T13:34:47.874Z"}
{"level":"info","message":"FFmpeg command:","timestamp":"2025-01-25T13:34:47.992Z"}
{"level":"info","message":"Writing frames to:","timestamp":"2025-01-25T13:34:47.992Z"}
{"level":"info","message":"Processing frame: debug_output/frame.jpg","timestamp":"2025-01-25T13:34:52.565Z"}
{"level":"info","message":"Detected 8 vehicles in frame","timestamp":"2025-01-25T13:34:53.642Z"}
{"level":"info","message":"Cleaning up...","timestamp":"2025-01-25T13:44:40.725Z"}
{"level":"info","message":"System initialised with OCR capabilities.","timestamp":"2025-01-25T13:52:08.572Z"}
{"level":"info","message":"Directory checks passed","timestamp":"2025-01-25T13:52:08.574Z"}
{"level":"info","message":"Attempting to connect to RTSP stream (Attempt 1/3)...","timestamp":"2025-01-25T13:52:08.574Z"}
{"level":"info","message":"FFmpeg command:","timestamp":"2025-01-25T13:52:08.692Z"}
{"level":"info","message":"Writing frames to:","timestamp":"2025-01-25T13:52:08.692Z"}
{"level":"info","message":"Processing frame: debug_output/frame.jpg","timestamp":"2025-01-25T13:52:14.527Z"}
{"level":"info","message":"Detected 2 people in frame","timestamp":"2025-01-25T13:52:16.028Z"}
{"level":"info","message":"Detected 1 vehicles in frame","timestamp":"2025-01-25T13:52:17.128Z"}
{"level":"info","message":"No licence plates detected in any vehicle regions","timestamp":"2025-01-25T13:52:17.177Z"}
